here
here
here
here
here
here
here
here
Time taken to read file: 0.89s

Start of epoch 0
At step 10, Update gradient for each batch taken: 0.13s
At step 20, Update gradient for each batch taken: 0.13s
At step 30, Update gradient for each batch taken: 0.14s
At step 40, Update gradient for each batch taken: 0.13s
At step 50, Update gradient for each batch taken: 0.13s
Time taken: 20.57s
Training acc over epoch: 0.1117, Training loss (for one epoch) at step: 2.3016

Start of epoch 1
At step 10, Update gradient for each batch taken: 0.13s
At step 20, Update gradient for each batch taken: 0.13s
At step 30, Update gradient for each batch taken: 0.13s
At step 40, Update gradient for each batch taken: 0.13s
At step 50, Update gradient for each batch taken: 0.13s
Time taken: 20.52s
Training acc over epoch: 0.4381, Training loss (for one epoch) at step: 1.4889

Start of epoch 2
At step 10, Update gradient for each batch taken: 0.14s
At step 20, Update gradient for each batch taken: 0.13s
At step 30, Update gradient for each batch taken: 0.13s
At step 40, Update gradient for each batch taken: 0.13s
At step 50, Update gradient for each batch taken: 0.13s
Time taken: 20.53s
Training acc over epoch: 0.8490, Training loss (for one epoch) at step: 0.4865

Start of epoch 3
At step 10, Update gradient for each batch taken: 0.14s
At step 20, Update gradient for each batch taken: 0.14s
At step 30, Update gradient for each batch taken: 0.13s
At step 40, Update gradient for each batch taken: 0.13s
At step 50, Update gradient for each batch taken: 0.13s
Time taken: 20.52s
Training acc over epoch: 0.9059, Training loss (for one epoch) at step: 0.3074

Start of epoch 4
At step 10, Update gradient for each batch taken: 0.13s
At step 20, Update gradient for each batch taken: 0.13s
At step 30, Update gradient for each batch taken: 0.14s
At step 40, Update gradient for each batch taken: 0.13s
At step 50, Update gradient for each batch taken: 0.14s
Time taken: 20.53s
Training acc over epoch: 0.9229, Training loss (for one epoch) at step: 0.2505
Test loss: 0.1942339539527893
Test accuracy: 0.9402999877929688
Total run time: 130.80s